# JRE version: OpenJDK Runtime Environment (21.0.9+10) (build 21.0.9+10-Ubuntu-122.04)
# Java VM: OpenJDK 64-Bit Server VM (21.0.9+10-Ubuntu-122.04, mixed mode, emulated-client, sharing, tiered, compressed oops, compressed class ptrs, g1 gc, linux-amd64)
GC Precious Log:
 CardTable entry size: 512
 Card Set container configuration: InlinePtr #cards 4 size 8 Array Of Cards #cards 16 size 48 Howl #buckets 8 coarsen threshold 3686 Howl Bitmap #cards 512 size 80 coarsen threshold 460 Card regions per heap region 1 cards per card region 4096
 CPUs: 8 total, 8 available
 Memory: 15658M
 Large Page Support: Disabled
 NUMA Support: Disabled
 Compressed Oops: Enabled (Zero based)
 Heap Region Size: 2M
 Heap Min Capacity: 8M
 Heap Initial Capacity: 246M
 Heap Max Capacity: 3916M
 Pre-touch: Disabled
 Parallel Workers: 8
 Concurrent Workers: 2
 Concurrent Refinement Workers: 8
 Periodic GC: Disabled
Heap:
 garbage-first heap   total 86016K, used 71387K [0x000000070b400000, 0x0000000800000000)
  region size 2048K, 26 young (53248K), 3 survivors (6144K)
 Metaspace       used 57304K, committed 57984K, reserved 1114112K
  class space    used 8050K, committed 8384K, reserved 1048576K
GC Heap History (15 events):
Event: 0.500 GC heap before
{Heap before GC invocations=0 (full 0):
 garbage-first heap   total 253952K, used 23602K [0x000000070b400000, 0x0000000800000000)
  region size 2048K, 11 young (22528K), 0 survivors (0K)
 Metaspace       used 4562K, committed 4800K, reserved 1114112K
  class space    used 596K, committed 704K, reserved 1048576K
}
Event: 0.504 GC heap after
{Heap after GC invocations=1 (full 0):
 garbage-first heap   total 253952K, used 8817K [0x000000070b400000, 0x0000000800000000)
  region size 2048K, 2 young (4096K), 2 survivors (4096K)
 Metaspace       used 4562K, committed 4800K, reserved 1114112K
  class space    used 596K, committed 704K, reserved 1048576K
}
Event: 0.951 GC heap before
{Heap before GC invocations=1 (full 0):
 garbage-first heap   total 253952K, used 37489K [0x000000070b400000, 0x0000000800000000)
  region size 2048K, 16 young (32768K), 2 survivors (4096K)
 Metaspace       used 11611K, committed 11904K, reserved 1114112K
  class space    used 1663K, committed 1792K, reserved 1048576K
}
Event: 0.956 GC heap after
{Heap after GC invocations=2 (full 0):
 garbage-first heap   total 253952K, used 10450K [0x000000070b400000, 0x0000000800000000)
  region size 2048K, 2 young (4096K), 2 survivors (4096K)
 Metaspace       used 11611K, committed 11904K, reserved 1114112K
  class space    used 1663K, committed 1792K, reserved 1048576K
}
Event: 1.333 GC heap before
{Heap before GC invocations=2 (full 0):
 garbage-first heap   total 253952K, used 57554K [0x000000070b400000, 0x0000000800000000)
  region size 2048K, 27 young (55296K), 2 survivors (4096K)
 Metaspace       used 21131K, committed 21504K, reserved 1114112K
  class space    used 2967K, committed 3136K, reserved 1048576K
}
Event: 1.338 GC heap after
{Heap after GC invocations=3 (full 0):
 garbage-first heap   total 253952K, used 14799K [0x000000070b400000, 0x0000000800000000)
  region size 2048K, 4 young (8192K), 4 survivors (8192K)
 Metaspace       used 21131K, committed 21504K, reserved 1114112K
  class space    used 2967K, committed 3136K, reserved 1048576K
}
Event: 1.860 GC heap before
{Heap before GC invocations=4 (full 0):
 garbage-first heap   total 61440K, used 57807K [0x000000070b400000, 0x0000000800000000)
  region size 2048K, 25 young (51200K), 4 survivors (8192K)
 Metaspace       used 26404K, committed 26816K, reserved 1114112K
  class space    used 3737K, committed 3904K, reserved 1048576K
}
Event: 1.871 GC heap after
{Heap after GC invocations=5 (full 0):
 garbage-first heap   total 71680K, used 18057K [0x000000070b400000, 0x0000000800000000)
  region size 2048K, 5 young (10240K), 5 survivors (10240K)
 Metaspace       used 26404K, committed 26816K, reserved 1114112K
  class space    used 3737K, committed 3904K, reserved 1048576K
}
Event: 2.278 GC heap before
{Heap before GC invocations=5 (full 0):
 garbage-first heap   total 71680K, used 50825K [0x000000070b400000, 0x0000000800000000)
  region size 2048K, 21 young (43008K), 5 survivors (10240K)
 Metaspace       used 32489K, committed 33088K, reserved 1114112K
  class space    used 4542K, committed 4800K, reserved 1048576K
}
Event: 2.286 GC heap after
{Heap after GC invocations=6 (full 0):
 garbage-first heap   total 71680K, used 20344K [0x000000070b400000, 0x0000000800000000)
  region size 2048K, 3 young (6144K), 3 survivors (6144K)
 Metaspace       used 32489K, committed 33088K, reserved 1114112K
  class space    used 4542K, committed 4800K, reserved 1048576K
}
Event: 2.448 GC heap before
{Heap before GC invocations=6 (full 0):
 garbage-first heap   total 71680K, used 32632K [0x000000070b400000, 0x0000000800000000)
  region size 2048K, 10 young (20480K), 3 survivors (6144K)
 Metaspace       used 35603K, committed 36160K, reserved 1114112K
  class space    used 5019K, committed 5248K, reserved 1048576K
}
Event: 2.452 GC heap after
{Heap after GC invocations=7 (full 0):
 garbage-first heap   total 71680K, used 21527K [0x000000070b400000, 0x0000000800000000)
  region size 2048K, 2 young (4096K), 2 survivors (4096K)
 Metaspace       used 35603K, committed 36160K, reserved 1114112K
  class space    used 5019K, committed 5248K, reserved 1048576K
}
Event: 2.982 GC heap before
{Heap before GC invocations=8 (full 0):
 garbage-first heap   total 71680K, used 56343K [0x000000070b400000, 0x0000000800000000)
  region size 2048K, 20 young (40960K), 2 survivors (4096K)
 Metaspace       used 46327K, committed 46976K, reserved 1114112K
  class space    used 6735K, committed 7040K, reserved 1048576K
}
Event: 2.987 GC heap after
{Heap after GC invocations=9 (full 0):
 garbage-first heap   total 86016K, used 24283K [0x000000070b400000, 0x0000000800000000)
  region size 2048K, 2 young (4096K), 2 survivors (4096K)
 Metaspace       used 46327K, committed 46976K, reserved 1114112K
  class space    used 6735K, committed 7040K, reserved 1048576K
}
Event: 3.575 GC heap before
{Heap before GC invocations=9 (full 0):
 garbage-first heap   total 86016K, used 71387K [0x000000070b400000, 0x0000000800000000)
  region size 2048K, 25 young (51200K), 2 survivors (4096K)
 Metaspace       used 57304K, committed 57984K, reserved 1114112K
  class space    used 8050K, committed 8384K, reserved 1048576K
}

